<?xml version="1.0" encoding="UTF-8"?>
<testsuite xmlns:xsi="http://www.w3.org/2001/XMLSchema-instance" xsi:noNamespaceSchemaLocation="https://maven.apache.org/surefire/maven-surefire-plugin/xsd/surefire-test-report.xsd" name="ru.yandex.praktikum.sprintseven.model.CreatingOrderTest" time="26.625" tests="8" errors="0" skipped="0" failures="0">
  <properties>
    <property name="sun.desktop" value="windows"/>
    <property name="awt.toolkit" value="sun.awt.windows.WToolkit"/>
    <property name="java.specification.version" value="11"/>
    <property name="sun.cpu.isalist" value="amd64"/>
    <property name="sun.jnu.encoding" value="Cp1251"/>
    <property name="java.class.path" value="C:\cygwin64\home\tonse\Sprint_7\target\test-classes;C:\cygwin64\home\tonse\Sprint_7\target\classes;C:\Users\tonse\.m2\repository\io\qameta\allure\allure-junit4\2.20.1\allure-junit4-2.20.1.jar;C:\Users\tonse\.m2\repository\io\qameta\allure\allure-java-commons\2.20.1\allure-java-commons-2.20.1.jar;C:\Users\tonse\.m2\repository\org\slf4j\slf4j-api\1.7.36\slf4j-api-1.7.36.jar;C:\Users\tonse\.m2\repository\io\qameta\allure\allure-model\2.20.1\allure-model-2.20.1.jar;C:\Users\tonse\.m2\repository\io\qameta\allure\allure-rest-assured\2.20.1\allure-rest-assured-2.20.1.jar;C:\Users\tonse\.m2\repository\io\qameta\allure\allure-attachments\2.20.1\allure-attachments-2.20.1.jar;C:\Users\tonse\.m2\repository\org\freemarker\freemarker\2.3.31\freemarker-2.3.31.jar;C:\Users\tonse\.m2\repository\junit\junit\4.13.2\junit-4.13.2.jar;C:\Users\tonse\.m2\repository\org\hamcrest\hamcrest-core\1.3\hamcrest-core-1.3.jar;C:\Users\tonse\.m2\repository\org\mockito\mockito-core\3.12.4\mockito-core-3.12.4.jar;C:\Users\tonse\.m2\repository\net\bytebuddy\byte-buddy\1.11.13\byte-buddy-1.11.13.jar;C:\Users\tonse\.m2\repository\net\bytebuddy\byte-buddy-agent\1.11.13\byte-buddy-agent-1.11.13.jar;C:\Users\tonse\.m2\repository\org\objenesis\objenesis\3.2\objenesis-3.2.jar;C:\Users\tonse\.m2\repository\io\rest-assured\rest-assured\5.3.0\rest-assured-5.3.0.jar;C:\Users\tonse\.m2\repository\org\apache\groovy\groovy\4.0.6\groovy-4.0.6.jar;C:\Users\tonse\.m2\repository\org\apache\groovy\groovy-xml\4.0.6\groovy-xml-4.0.6.jar;C:\Users\tonse\.m2\repository\org\apache\httpcomponents\httpclient\4.5.13\httpclient-4.5.13.jar;C:\Users\tonse\.m2\repository\org\apache\httpcomponents\httpcore\4.4.13\httpcore-4.4.13.jar;C:\Users\tonse\.m2\repository\commons-logging\commons-logging\1.2\commons-logging-1.2.jar;C:\Users\tonse\.m2\repository\commons-codec\commons-codec\1.11\commons-codec-1.11.jar;C:\Users\tonse\.m2\repository\org\apache\httpcomponents\httpmime\4.5.13\httpmime-4.5.13.jar;C:\Users\tonse\.m2\repository\org\hamcrest\hamcrest\2.1\hamcrest-2.1.jar;C:\Users\tonse\.m2\repository\org\ccil\cowan\tagsoup\tagsoup\1.2.1\tagsoup-1.2.1.jar;C:\Users\tonse\.m2\repository\io\rest-assured\json-path\5.3.0\json-path-5.3.0.jar;C:\Users\tonse\.m2\repository\org\apache\groovy\groovy-json\4.0.6\groovy-json-4.0.6.jar;C:\Users\tonse\.m2\repository\io\rest-assured\rest-assured-common\5.3.0\rest-assured-common-5.3.0.jar;C:\Users\tonse\.m2\repository\io\rest-assured\xml-path\5.3.0\xml-path-5.3.0.jar;C:\Users\tonse\.m2\repository\org\apache\commons\commons-lang3\3.11\commons-lang3-3.11.jar;C:\Users\tonse\.m2\repository\com\google\code\gson\gson\2.8.9\gson-2.8.9.jar;"/>
    <property name="java.vm.vendor" value="Amazon.com Inc."/>
    <property name="sun.arch.data.model" value="64"/>
    <property name="user.variant" value=""/>
    <property name="java.vendor.url" value="https://aws.amazon.com/corretto/"/>
    <property name="user.timezone" value="Europe/Samara"/>
    <property name="java.vm.specification.version" value="11"/>
    <property name="os.name" value="Windows 11"/>
    <property name="sun.java.launcher" value="SUN_STANDARD"/>
    <property name="user.country" value="RU"/>
    <property name="sun.boot.library.path" value="C:\Program Files\Amazon Corretto\jdk11.0.17_8\bin"/>
    <property name="sun.java.command" value="C:\Users\tonse\AppData\Local\Temp\surefire16601967643127890017\surefirebooter5126565126629161950.jar C:\Users\tonse\AppData\Local\Temp\surefire16601967643127890017 2023-03-13T20-38-36_123-jvmRun1 surefire18101428955341994729tmp surefire_012279163913406047274tmp"/>
    <property name="jdk.debug" value="release"/>
    <property name="surefire.test.class.path" value="C:\cygwin64\home\tonse\Sprint_7\target\test-classes;C:\cygwin64\home\tonse\Sprint_7\target\classes;C:\Users\tonse\.m2\repository\io\qameta\allure\allure-junit4\2.20.1\allure-junit4-2.20.1.jar;C:\Users\tonse\.m2\repository\io\qameta\allure\allure-java-commons\2.20.1\allure-java-commons-2.20.1.jar;C:\Users\tonse\.m2\repository\org\slf4j\slf4j-api\1.7.36\slf4j-api-1.7.36.jar;C:\Users\tonse\.m2\repository\io\qameta\allure\allure-model\2.20.1\allure-model-2.20.1.jar;C:\Users\tonse\.m2\repository\io\qameta\allure\allure-rest-assured\2.20.1\allure-rest-assured-2.20.1.jar;C:\Users\tonse\.m2\repository\io\qameta\allure\allure-attachments\2.20.1\allure-attachments-2.20.1.jar;C:\Users\tonse\.m2\repository\org\freemarker\freemarker\2.3.31\freemarker-2.3.31.jar;C:\Users\tonse\.m2\repository\junit\junit\4.13.2\junit-4.13.2.jar;C:\Users\tonse\.m2\repository\org\hamcrest\hamcrest-core\1.3\hamcrest-core-1.3.jar;C:\Users\tonse\.m2\repository\org\mockito\mockito-core\3.12.4\mockito-core-3.12.4.jar;C:\Users\tonse\.m2\repository\net\bytebuddy\byte-buddy\1.11.13\byte-buddy-1.11.13.jar;C:\Users\tonse\.m2\repository\net\bytebuddy\byte-buddy-agent\1.11.13\byte-buddy-agent-1.11.13.jar;C:\Users\tonse\.m2\repository\org\objenesis\objenesis\3.2\objenesis-3.2.jar;C:\Users\tonse\.m2\repository\io\rest-assured\rest-assured\5.3.0\rest-assured-5.3.0.jar;C:\Users\tonse\.m2\repository\org\apache\groovy\groovy\4.0.6\groovy-4.0.6.jar;C:\Users\tonse\.m2\repository\org\apache\groovy\groovy-xml\4.0.6\groovy-xml-4.0.6.jar;C:\Users\tonse\.m2\repository\org\apache\httpcomponents\httpclient\4.5.13\httpclient-4.5.13.jar;C:\Users\tonse\.m2\repository\org\apache\httpcomponents\httpcore\4.4.13\httpcore-4.4.13.jar;C:\Users\tonse\.m2\repository\commons-logging\commons-logging\1.2\commons-logging-1.2.jar;C:\Users\tonse\.m2\repository\commons-codec\commons-codec\1.11\commons-codec-1.11.jar;C:\Users\tonse\.m2\repository\org\apache\httpcomponents\httpmime\4.5.13\httpmime-4.5.13.jar;C:\Users\tonse\.m2\repository\org\hamcrest\hamcrest\2.1\hamcrest-2.1.jar;C:\Users\tonse\.m2\repository\org\ccil\cowan\tagsoup\tagsoup\1.2.1\tagsoup-1.2.1.jar;C:\Users\tonse\.m2\repository\io\rest-assured\json-path\5.3.0\json-path-5.3.0.jar;C:\Users\tonse\.m2\repository\org\apache\groovy\groovy-json\4.0.6\groovy-json-4.0.6.jar;C:\Users\tonse\.m2\repository\io\rest-assured\rest-assured-common\5.3.0\rest-assured-common-5.3.0.jar;C:\Users\tonse\.m2\repository\io\rest-assured\xml-path\5.3.0\xml-path-5.3.0.jar;C:\Users\tonse\.m2\repository\org\apache\commons\commons-lang3\3.11\commons-lang3-3.11.jar;C:\Users\tonse\.m2\repository\com\google\code\gson\gson\2.8.9\gson-2.8.9.jar;"/>
    <property name="sun.cpu.endian" value="little"/>
    <property name="allure.results.directory" value="C:\cygwin64\home\tonse\Sprint_7\target/allure-results"/>
    <property name="user.home" value="C:\Users\tonse"/>
    <property name="user.language" value="ru"/>
    <property name="java.specification.vendor" value="Oracle Corporation"/>
    <property name="java.version.date" value="2022-10-18"/>
    <property name="java.home" value="C:\Program Files\Amazon Corretto\jdk11.0.17_8"/>
    <property name="file.separator" value="\"/>
    <property name="basedir" value="C:\cygwin64\home\tonse\Sprint_7"/>
    <property name="java.vm.compressedOopsMode" value="32-bit"/>
    <property name="line.separator" value="&#10;"/>
    <property name="java.specification.name" value="Java Platform API Specification"/>
    <property name="java.vm.specification.vendor" value="Oracle Corporation"/>
    <property name="java.awt.graphicsenv" value="sun.awt.Win32GraphicsEnvironment"/>
    <property name="surefire.real.class.path" value="C:\Users\tonse\AppData\Local\Temp\surefire16601967643127890017\surefirebooter5126565126629161950.jar"/>
    <property name="user.script" value=""/>
    <property name="sun.management.compiler" value="HotSpot 64-Bit Tiered Compilers"/>
    <property name="java.runtime.version" value="11.0.17+8-LTS"/>
    <property name="user.name" value="tonse"/>
    <property name="path.separator" value=";"/>
    <property name="os.version" value="10.0"/>
    <property name="java.runtime.name" value="OpenJDK Runtime Environment"/>
    <property name="file.encoding" value="Cp1251"/>
    <property name="java.vm.name" value="OpenJDK 64-Bit Server VM"/>
    <property name="java.vendor.version" value="Corretto-11.0.17.8.1"/>
    <property name="localRepository" value="C:\Users\tonse\.m2\repository"/>
    <property name="java.vendor.url.bug" value="https://github.com/corretto/corretto-11/issues/"/>
    <property name="java.io.tmpdir" value="C:\Users\tonse\AppData\Local\Temp\"/>
    <property name="idea.version" value="2022.3"/>
    <property name="java.version" value="11.0.17"/>
    <property name="user.dir" value="C:\cygwin64\home\tonse\Sprint_7"/>
    <property name="os.arch" value="amd64"/>
    <property name="java.vm.specification.name" value="Java Virtual Machine Specification"/>
    <property name="java.awt.printerjob" value="sun.awt.windows.WPrinterJob"/>
    <property name="sun.os.patch.level" value=""/>
    <property name="java.library.path" value="C:\Program Files\Amazon Corretto\jdk11.0.17_8\bin;C:\WINDOWS\Sun\Java\bin;C:\WINDOWS\system32;C:\WINDOWS;C:\Program Files\Amazon Corretto\jdk11.0.17_8\bin;C:\WINDOWS\system32;C:\WINDOWS;C:\WINDOWS\System32\Wbem;C:\WINDOWS\System32\WindowsPowerShell\v1.0\;C:\WINDOWS\System32\OpenSSH\;C:\Program Files\Git\cmd;C:\Program Files\nodejs\;C:\Program Files (x86)\Sennheiser\SenncomSDK\;C:\Program Files\dotnet\;C:\Users\tonse\AppData\Local\Microsoft\WindowsApps;C:\Users\tonse\AppData\Local\Programs\Microsoft VS Code\bin;C:\Users\tonse\AppData\Roaming\npm;C:\Users\tonse\.dotnet\tools;C:\Program Files\apache-maven-3.8.6\bin;C:\WebDriver\bin;C:\allure-2.20.1\bin;;."/>
    <property name="java.vm.info" value="mixed mode"/>
    <property name="java.vendor" value="Amazon.com Inc."/>
    <property name="java.vm.version" value="11.0.17+8-LTS"/>
    <property name="sun.io.unicode.encoding" value="UnicodeLittle"/>
    <property name="java.class.version" value="55.0"/>
  </properties>
  <testcase name="getAllOrdersArrayWithOrdersNotEmpty[0]" classname="ru.yandex.praktikum.sprintseven.model.CreatingOrderTest" time="10.568"/>
  <testcase name="сreateOrderPositiveResult[0]" classname="ru.yandex.praktikum.sprintseven.model.CreatingOrderTest" time="0.368"/>
  <testcase name="getAllOrdersArrayWithOrdersNotEmpty[1]" classname="ru.yandex.praktikum.sprintseven.model.CreatingOrderTest" time="4.551"/>
  <testcase name="сreateOrderPositiveResult[1]" classname="ru.yandex.praktikum.sprintseven.model.CreatingOrderTest" time="0.164"/>
  <testcase name="getAllOrdersArrayWithOrdersNotEmpty[2]" classname="ru.yandex.praktikum.sprintseven.model.CreatingOrderTest" time="5.471"/>
  <testcase name="сreateOrderPositiveResult[2]" classname="ru.yandex.praktikum.sprintseven.model.CreatingOrderTest" time="0.202"/>
  <testcase name="getAllOrdersArrayWithOrdersNotEmpty[3]" classname="ru.yandex.praktikum.sprintseven.model.CreatingOrderTest" time="4.664"/>
  <testcase name="сreateOrderPositiveResult[3]" classname="ru.yandex.praktikum.sprintseven.model.CreatingOrderTest" time="0.167"/>
</testsuite>